#
# A fatal error has been detected by the Java Runtime Environment:
#
#  Internal Error (javaClasses.cpp:127), pid=3576, tid=7356
#  fatal error: Invalid layout of preloaded class
#
# JRE version:  (8.0_40-b26) (build )
# Java VM: Java HotSpot(TM) Client VM (25.40-b25 mixed mode windows-x86 )
# Failed to write core dump. Minidumps are not enabled by default on client versions of Windows
#
# If you would like to submit a bug report, please visit:
#   http://bugreport.java.com/bugreport/crash.jsp
#

---------------  T H R E A D  ---------------

Current thread (0x001dc400):  JavaThread "Unknown thread" [_thread_in_vm, id=7356, stack(0x00330000,0x00380000)]

Stack: [0x00330000,0x00380000],  sp=0x0037f4c4,  free space=317k
Native frames: (J=compiled Java code, j=interpreted, Vv=VM code, C=native code)
V  [jvm.dll+0x1a4f6b]
V  [jvm.dll+0x19d7d6]
V  [jvm.dll+0x42369]
V  [jvm.dll+0x4251e]
V  [jvm.dll+0x519be]
V  [jvm.dll+0xa86be]
V  [jvm.dll+0xa8982]
V  [jvm.dll+0x154561]
V  [jvm.dll+0x1785bb]
V  [jvm.dll+0xe5081]
C  [javaw.exe+0x14d3]
C  [javaw.exe+0x2047]
C  [javaw.exe+0xadff]
C  [javaw.exe+0xae89]
C  [kernel32.dll+0x133aa]
C  [ntdll.dll+0x39ef2]
C  [ntdll.dll+0x39ec5]
C  0x00000000


---------------  P R O C E S S  ---------------

Java Threads: ( => current thread )

Other Threads:

=>0x001dc400 (exited) JavaThread "Unknown thread" [_thread_in_vm, id=7356, stack(0x00330000,0x00380000)]

VM state:not at safepoint (not fully initialized)

VM Mutex/Monitor currently owned by a thread: None

GC Heap History (0 events):
No events

Deoptimization events (0 events):
No events

Internal exceptions (0 events):
No events

Events (10 events):
Event: 0.039 loading class java/lang/CharSequence done
Event: 0.039 loading class java/lang/String done
Event: 0.039 loading class java/lang/Class
Event: 0.039 loading class java/lang/reflect/AnnotatedElement
Event: 0.039 loading class java/lang/reflect/AnnotatedElement done
Event: 0.039 loading class java/lang/reflect/GenericDeclaration
Event: 0.039 loading class java/lang/reflect/GenericDeclaration done
Event: 0.039 loading class java/lang/reflect/Type
Event: 0.039 loading class java/lang/reflect/Type done
Event: 0.040 loading class java/lang/Class done


Dynamic libraries:
0x00070000 - 0x000a3000 	C:\Program Files (x86)\Java\jre1.8.0_40\bin\javaw.exe
0x77520000 - 0x776a0000 	C:\Windows\SysWOW64\ntdll.dll
0x75c40000 - 0x75d50000 	C:\Windows\syswow64\kernel32.dll
0x75e30000 - 0x75e77000 	C:\Windows\syswow64\KERNELBASE.dll
0x76510000 - 0x765b0000 	C:\Windows\syswow64\ADVAPI32.dll
0x76040000 - 0x760ec000 	C:\Windows\syswow64\msvcrt.dll
0x763d0000 - 0x763e9000 	C:\Windows\SysWOW64\sechost.dll
0x762e0000 - 0x763d0000 	C:\Windows\syswow64\RPCRT4.dll
0x74c00000 - 0x74c60000 	C:\Windows\syswow64\SspiCli.dll
0x74bf0000 - 0x74bfc000 	C:\Windows\syswow64\CRYPTBASE.dll
0x76190000 - 0x76290000 	C:\Windows\syswow64\USER32.dll
0x76750000 - 0x767e0000 	C:\Windows\syswow64\GDI32.dll
0x74c60000 - 0x74c6a000 	C:\Windows\syswow64\LPK.dll
0x76970000 - 0x76a0d000 	C:\Windows\syswow64\USP10.dll
0x71800000 - 0x7199e000 	C:\Windows\WinSxS\x86_microsoft.windows.common-controls_6595b64144ccf1df_6.0.7601.17514_none_41e6975e2bd6f2b2\COMCTL32.dll
0x760f0000 - 0x76147000 	C:\Windows\syswow64\SHLWAPI.dll
0x767f0000 - 0x76850000 	C:\Windows\system32\IMM32.DLL
0x75d50000 - 0x75e1c000 	C:\Windows\syswow64\MSCTF.dll
0x70340000 - 0x703b7000 	C:\Program Files (x86)\AVG\AVG2015\avghookx.dll
0x68180000 - 0x6823f000 	C:\Program Files (x86)\Java\jre1.8.0_40\bin\msvcr100.dll
0x67730000 - 0x67af0000 	C:\Program Files (x86)\Java\jre1.8.0_40\bin\client\jvm.dll
0x73000000 - 0x73007000 	C:\Windows\system32\WSOCK32.dll
0x76150000 - 0x76185000 	C:\Windows\syswow64\WS2_32.dll
0x767e0000 - 0x767e6000 	C:\Windows\syswow64\NSI.dll
0x72f90000 - 0x72fc2000 	C:\Windows\system32\WINMM.dll
0x73140000 - 0x73149000 	C:\Windows\system32\VERSION.dll
0x774f0000 - 0x774f5000 	C:\Windows\syswow64\PSAPI.DLL
0x70230000 - 0x7023c000 	C:\Program Files (x86)\Java\jre1.8.0_40\bin\verify.dll
0x70170000 - 0x70191000 	C:\Program Files (x86)\Java\jre1.8.0_40\bin\java.dll
0x70210000 - 0x70223000 	C:\Program Files (x86)\Java\jre1.8.0_40\bin\zip.dll
0x71c00000 - 0x71ceb000 	C:\Windows\system32\dbghelp.dll

VM Arguments:
jvm_args: -Dfile.encoding=Cp1252 -Xbootclasspath/p:C:\Users\Phil\Documents\MSc\App Development\platforms\android-22\android.jar 
java_command: mockserver.MockServer
java_class_path (initial): C:\Users\Phil\Documents\GitHub\Final Project\Client App\bin\classes;C:\Users\Phil\Documents\GitHub\Final Project\Client App\libs\android-support-v4.jar;C:\Users\Phil\Documents\GitHub\Final Project\appcompat_v7\libs\android-support-v7-appcompat.jar;C:\Users\Phil\Documents\GitHub\Final Project\appcompat_v7\bin\appcompat_v7.jar
Launcher Type: SUN_STANDARD

Environment Variables:
CLASSPATH=.;C:\Program Files (x86)\Java\jre6\lib\ext\QTJava.zip
PATH=C:/Program Files (x86)/Java/jre1.8.0_40/bin/client;C:/Program Files (x86)/Java/jre1.8.0_40/bin;C:/Program Files (x86)/Java/jre1.8.0_40/lib/i386;C:\Program Files (x86)\erl7.0\bin;C:\Program Files (x86)\Haskell\bin;C:\Program Files (x86)\Haskell Platform\2014.2.0.0\lib\extralibs\bin;C:\Program Files (x86)\Haskell Platform\2014.2.0.0\bin;C:\ProgramData\Oracle\Java\javapath;C:\Program Files (x86)\Java\jdk1.7.0_55\bin;C:\Program Files\Common Files\Microsoft Shared\Windows Live;C:\Windows\system32;C:\Windows;C:\Windows\System32\Wbem;C:\Windows\System32\WindowsPowerShell\v1.0\;C:\Program Files (x86)\QuickTime\QTSystem\;C:\Program Files\TortoiseSVN\bin;C:\Program Files (x86)\Windows Kits\8.1\Windows Performance Toolkit\;C:\Program Files\Microsoft SQL Server\110\Tools\Binn\;C:\Program Files (x86)\Haskell Platform\2014.2.0.0\mingw\bin;C:\Leksah\bin\;C:\Program Files (x86)\OpenVPN\bin;C:\Users\Phil\AppData\Roaming\cabal\bin;C:\Users\Phil\Documents\MSc\eclipse-java-luna-SR2-win32\eclipse;
USERNAME=Phil
OS=Windows_NT
PROCESSOR_IDENTIFIER=Intel64 Family 6 Model 37 Stepping 5, GenuineIntel



---------------  S Y S T E M  ---------------

OS: Windows 7 , 64 bit Build 7601 (6.1.7601.17965)

CPU:total 4 (2 cores per cpu, 2 threads per core) family 6 model 37 stepping 5, cmov, cx8, fxsr, mmx, sse, sse2, sse3, ssse3, sse4.1, sse4.2, popcnt, ht, tsc, tscinvbit

Memory: 4k page, physical 3988328k(919128k free), swap 7974800k(4501300k free)

vm_info: Java HotSpot(TM) Client VM (25.40-b25) for windows-x86 JRE (1.8.0_40-b26), built on Mar  7 2015 13:51:08 by "java_re" with MS VC++ 10.0 (VS2010)

time: Mon Sep 14 14:10:49 2015
elapsed time: 0 seconds (0d 0h 0m 0s)

