#
# A fatal error has been detected by the Java Runtime Environment:
#
#  Internal Error (javaClasses.cpp:127), pid=5960, tid=6888
#  fatal error: Invalid layout of preloaded class
#
# JRE version:  (8.0_40-b26) (build )
# Java VM: Java HotSpot(TM) Client VM (25.40-b25 mixed mode windows-x86 )
# Failed to write core dump. Minidumps are not enabled by default on client versions of Windows
#
# If you would like to submit a bug report, please visit:
#   http://bugreport.java.com/bugreport/crash.jsp
#

---------------  T H R E A D  ---------------

Current thread (0x0023c800):  JavaThread "Unknown thread" [_thread_in_vm, id=6888, stack(0x00b90000,0x00be0000)]

Stack: [0x00b90000,0x00be0000],  sp=0x00bdf9a4,  free space=318k
Native frames: (J=compiled Java code, j=interpreted, Vv=VM code, C=native code)
V  [jvm.dll+0x1a4f6b]
V  [jvm.dll+0x19d7d6]
V  [jvm.dll+0x42369]
V  [jvm.dll+0x4251e]
V  [jvm.dll+0x519be]
V  [jvm.dll+0xa86be]
V  [jvm.dll+0xa8982]
V  [jvm.dll+0x154561]
V  [jvm.dll+0x1785bb]
V  [jvm.dll+0xe5081]
C  [javaw.exe+0x14d3]
C  [javaw.exe+0x2047]
C  [javaw.exe+0xadff]
C  [javaw.exe+0xae89]
C  [kernel32.dll+0x133aa]
C  [ntdll.dll+0x39ef2]
C  [ntdll.dll+0x39ec5]
C  0x00000000


---------------  P R O C E S S  ---------------

Java Threads: ( => current thread )

Other Threads:

=>0x0023c800 (exited) JavaThread "Unknown thread" [_thread_in_vm, id=6888, stack(0x00b90000,0x00be0000)]

VM state:not at safepoint (not fully initialized)

VM Mutex/Monitor currently owned by a thread: None

GC Heap History (0 events):
No events

Deoptimization events (0 events):
No events

Internal exceptions (0 events):
No events

Events (10 events):
Event: 0.032 loading class java/lang/CharSequence done
Event: 0.032 loading class java/lang/String done
Event: 0.032 loading class java/lang/Class
Event: 0.033 loading class java/lang/reflect/AnnotatedElement
Event: 0.033 loading class java/lang/reflect/AnnotatedElement done
Event: 0.033 loading class java/lang/reflect/GenericDeclaration
Event: 0.033 loading class java/lang/reflect/GenericDeclaration done
Event: 0.033 loading class java/lang/reflect/Type
Event: 0.033 loading class java/lang/reflect/Type done
Event: 0.033 loading class java/lang/Class done


Dynamic libraries:
0x00c40000 - 0x00c73000 	C:\Program Files (x86)\Java\jre1.8.0_40\bin\javaw.exe
0x77010000 - 0x77190000 	C:\Windows\SysWOW64\ntdll.dll
0x74b20000 - 0x74c30000 	C:\Windows\syswow64\kernel32.dll
0x764a0000 - 0x764e7000 	C:\Windows\syswow64\KERNELBASE.dll
0x756d0000 - 0x75770000 	C:\Windows\syswow64\ADVAPI32.dll
0x74c30000 - 0x74cdc000 	C:\Windows\syswow64\msvcrt.dll
0x74cf0000 - 0x74d09000 	C:\Windows\SysWOW64\sechost.dll
0x747e0000 - 0x748d0000 	C:\Windows\syswow64\RPCRT4.dll
0x746f0000 - 0x74750000 	C:\Windows\syswow64\SspiCli.dll
0x746e0000 - 0x746ec000 	C:\Windows\syswow64\CRYPTBASE.dll
0x74d80000 - 0x74e80000 	C:\Windows\syswow64\USER32.dll
0x75770000 - 0x75800000 	C:\Windows\syswow64\GDI32.dll
0x76fe0000 - 0x76fea000 	C:\Windows\syswow64\LPK.dll
0x766b0000 - 0x7674d000 	C:\Windows\syswow64\USP10.dll
0x710d0000 - 0x7126e000 	C:\Windows\WinSxS\x86_microsoft.windows.common-controls_6595b64144ccf1df_6.0.7601.17514_none_41e6975e2bd6f2b2\COMCTL32.dll
0x74780000 - 0x747d7000 	C:\Windows\syswow64\SHLWAPI.dll
0x75660000 - 0x756c0000 	C:\Windows\system32\IMM32.DLL
0x75360000 - 0x7542c000 	C:\Windows\syswow64\MSCTF.dll
0x6f750000 - 0x6f7d2000 	C:\Program Files (x86)\AVG\AVG2015\avghookx.dll
0x65aa0000 - 0x65b5f000 	C:\Program Files (x86)\Java\jre1.8.0_40\bin\msvcr100.dll
0x6a740000 - 0x6ab00000 	C:\Program Files (x86)\Java\jre1.8.0_40\bin\client\jvm.dll
0x72af0000 - 0x72af7000 	C:\Windows\system32\WSOCK32.dll
0x74d40000 - 0x74d75000 	C:\Windows\syswow64\WS2_32.dll
0x74ce0000 - 0x74ce6000 	C:\Windows\syswow64\NSI.dll
0x72a80000 - 0x72ab2000 	C:\Windows\system32\WINMM.dll
0x72c30000 - 0x72c39000 	C:\Windows\system32\VERSION.dll
0x75020000 - 0x75025000 	C:\Windows\syswow64\PSAPI.DLL
0x72ee0000 - 0x72eec000 	C:\Program Files (x86)\Java\jre1.8.0_40\bin\verify.dll
0x6f070000 - 0x6f091000 	C:\Program Files (x86)\Java\jre1.8.0_40\bin\java.dll
0x6f8d0000 - 0x6f8e3000 	C:\Program Files (x86)\Java\jre1.8.0_40\bin\zip.dll
0x71380000 - 0x7146b000 	C:\Windows\system32\dbghelp.dll

VM Arguments:
jvm_args: -Dfile.encoding=Cp1252 -Xbootclasspath/p:C:\Users\Phil\Documents\MSc\App Development\platforms\android-22\android.jar 
java_command: uk.ac.qub.finalproject.calculationclasses.WorkPacketList
java_class_path (initial): C:\Users\Phil\Documents\GitHub\Final Project\Client App\bin\classes;C:\Users\Phil\Documents\GitHub\Final Project\Client App\libs\android-support-v4.jar;C:\Users\Phil\Documents\GitHub\Final Project\appcompat_v7\libs\android-support-v7-appcompat.jar;C:\Users\Phil\Documents\GitHub\Final Project\appcompat_v7\bin\appcompat_v7.jar
Launcher Type: SUN_STANDARD

Environment Variables:
CLASSPATH=.;C:\Program Files (x86)\Java\jre6\lib\ext\QTJava.zip
PATH=C:/Program Files (x86)/Java/jre1.8.0_40/bin/client;C:/Program Files (x86)/Java/jre1.8.0_40/bin;C:/Program Files (x86)/Java/jre1.8.0_40/lib/i386;C:\Program Files (x86)\erl7.0\bin;C:\Program Files (x86)\Haskell\bin;C:\Program Files (x86)\Haskell Platform\2014.2.0.0\lib\extralibs\bin;C:\Program Files (x86)\Haskell Platform\2014.2.0.0\bin;C:\ProgramData\Oracle\Java\javapath;C:\Program Files (x86)\Java\jdk1.7.0_55\bin;C:\Program Files\Common Files\Microsoft Shared\Windows Live;C:\Windows\system32;C:\Windows;C:\Windows\System32\Wbem;C:\Windows\System32\WindowsPowerShell\v1.0\;C:\Program Files (x86)\QuickTime\QTSystem\;C:\Program Files\TortoiseSVN\bin;C:\Program Files (x86)\Windows Kits\8.1\Windows Performance Toolkit\;C:\Program Files\Microsoft SQL Server\110\Tools\Binn\;C:\Program Files (x86)\Haskell Platform\2014.2.0.0\mingw\bin;C:\Leksah\bin\;C:\Users\Phil\AppData\Roaming\cabal\bin;C:\Users\Phil\Documents\MSc\eclipse-java-luna-SR2-win32\eclipse;
USERNAME=Phil
OS=Windows_NT
PROCESSOR_IDENTIFIER=Intel64 Family 6 Model 37 Stepping 5, GenuineIntel



---------------  S Y S T E M  ---------------

OS: Windows 7 , 64 bit Build 7601 (6.1.7601.17965)

CPU:total 4 (2 cores per cpu, 2 threads per core) family 6 model 37 stepping 5, cmov, cx8, fxsr, mmx, sse, sse2, sse3, ssse3, sse4.1, sse4.2, popcnt, ht, tsc, tscinvbit

Memory: 4k page, physical 3988328k(994292k free), swap 7974800k(4455000k free)

vm_info: Java HotSpot(TM) Client VM (25.40-b25) for windows-x86 JRE (1.8.0_40-b26), built on Mar  7 2015 13:51:08 by "java_re" with MS VC++ 10.0 (VS2010)

time: Sun Aug 23 16:15:54 2015
elapsed time: 0 seconds (0d 0h 0m 0s)

